android/app/build/intermediates/manifest_merge_blame_file/debug/manifest-merger-blame-debug-report.txt
1<?xml version="1.0" encoding="utf-8"?>
2<manifest xmlns:android="http://schemas.android.com/apk/res/android"
3    package="com.asiangame"
4    android:versionCode="1"
5    android:versionName="1.0" >
6
7    <uses-sdk
8        android:minSdkVersion="21"
9        android:targetSdkVersion="30" />
10
11    <uses-permission android:name="android.permission.SYSTEM_ALERT_WINDOW" />
11-->src/debug/AndroidManifest.xml:5:5-77
11-->src/debug/AndroidManifest.xml:5:22-75
12    <uses-permission android:name="android.permission.INTERNET" />
12-->src/main/AndroidManifest.xml:4:5-67
12-->src/main/AndroidManifest.xml:4:22-64
13    <uses-permission android:name="android.permission.ACCESS_WIFI_STATE" />
13-->[com.facebook.flipper:flipper:0.99.0] AndroidManifest.xml:16:5-76
13-->[com.facebook.flipper:flipper:0.99.0] AndroidManifest.xml:16:22-73
14
15    <queries>
15-->[:react-native-image-crop-picker] AndroidManifest.xml:9:5-13:15
16        <intent>
16-->[:react-native-image-crop-picker] AndroidManifest.xml:10:9-12:18
17            <action android:name="android.media.action.IMAGE_CAPTURE" />
17-->[:react-native-image-crop-picker] AndroidManifest.xml:11:13-73
17-->[:react-native-image-crop-picker] AndroidManifest.xml:11:21-70
18        </intent>
19        <intent>
19-->[com.razorpay:checkout:1.6.30] AndroidManifest.xml:11:9-17:18
20            <action android:name="android.intent.action.VIEW" />
20-->[com.razorpay:checkout:1.6.30] AndroidManifest.xml:12:13-65
20-->[com.razorpay:checkout:1.6.30] AndroidManifest.xml:12:21-62
21
22            <data
22-->[com.razorpay:checkout:1.6.30] AndroidManifest.xml:14:13-16:38
23                android:mimeType="*/*"
23-->[com.razorpay:checkout:1.6.30] AndroidManifest.xml:15:17-39
24                android:scheme="*" />
24-->[com.razorpay:checkout:1.6.30] AndroidManifest.xml:16:17-35
25        </intent>
26        <intent>
26-->[com.razorpay:checkout:1.6.30] AndroidManifest.xml:18:9-27:18
27            <action android:name="android.intent.action.VIEW" />
27-->[com.razorpay:checkout:1.6.30] AndroidManifest.xml:12:13-65
27-->[com.razorpay:checkout:1.6.30] AndroidManifest.xml:12:21-62
28
29            <category android:name="android.intent.category.BROWSABLE" />
29-->[com.razorpay:checkout:1.6.30] AndroidManifest.xml:21:13-74
29-->[com.razorpay:checkout:1.6.30] AndroidManifest.xml:21:23-71
30
31            <data
31-->[com.razorpay:checkout:1.6.30] AndroidManifest.xml:14:13-16:38
32                android:host="pay"
33                android:mimeType="*/*"
33-->[com.razorpay:checkout:1.6.30] AndroidManifest.xml:15:17-39
34                android:scheme="upi" />
34-->[com.razorpay:checkout:1.6.30] AndroidManifest.xml:16:17-35
35        </intent>
36        <intent>
36-->[com.razorpay:checkout:1.6.30] AndroidManifest.xml:28:9-30:18
37            <action android:name="android.intent.action.MAIN" />
37-->src/main/AndroidManifest.xml:20:13-65
37-->src/main/AndroidManifest.xml:20:21-62
38        </intent>
39        <intent>
39-->[com.razorpay:checkout:1.6.30] AndroidManifest.xml:31:9-35:18
40            <action android:name="android.intent.action.SEND" />
40-->[com.razorpay:checkout:1.6.30] AndroidManifest.xml:32:13-65
40-->[com.razorpay:checkout:1.6.30] AndroidManifest.xml:32:21-62
41
42            <data android:mimeType="*/*" />
42-->[com.razorpay:checkout:1.6.30] AndroidManifest.xml:14:13-16:38
42-->[com.razorpay:checkout:1.6.30] AndroidManifest.xml:15:17-39
43        </intent>
44        <intent>
44-->[com.razorpay:checkout:1.6.30] AndroidManifest.xml:36:9-38:18
45            <action android:name="rzp.device_token.share" />
45-->[com.razorpay:checkout:1.6.30] AndroidManifest.xml:37:13-61
45-->[com.razorpay:checkout:1.6.30] AndroidManifest.xml:37:21-58
46        </intent>
47    </queries>
48
49    <uses-permission android:name="android.permission.WRITE_EXTERNAL_STORAGE" /> <!-- Include required permissions for Google Maps API to run. -->
49-->[:react-native-image-crop-picker] AndroidManifest.xml:15:5-81
49-->[:react-native-image-crop-picker] AndroidManifest.xml:15:22-78
50    <uses-permission android:name="android.permission.ACCESS_NETWORK_STATE" />
50-->[com.google.android.gms:play-services-maps:17.0.0] AndroidManifest.xml:23:5-79
50-->[com.google.android.gms:play-services-maps:17.0.0] AndroidManifest.xml:23:22-76
51
52    <uses-feature
52-->[com.google.android.gms:play-services-maps:17.0.0] AndroidManifest.xml:26:5-28:35
53        android:glEsVersion="0x00020000"
53-->[com.google.android.gms:play-services-maps:17.0.0] AndroidManifest.xml:27:9-41
54        android:required="true" />
54-->[com.google.android.gms:play-services-maps:17.0.0] AndroidManifest.xml:28:9-32
55
56    <application
56-->src/main/AndroidManifest.xml:6:5-24:19
57        android:name="com.asiangame.MainApplication"
57-->src/main/AndroidManifest.xml:7:7-38
58        android:allowBackup="false"
58-->src/main/AndroidManifest.xml:11:7-34
59        android:appComponentFactory="androidx.core.app.CoreComponentFactory"
59-->[androidx.core:core:1.6.0] AndroidManifest.xml:24:18-86
60        android:debuggable="true"
61        android:icon="@mipmap/ic_launcher"
61-->src/main/AndroidManifest.xml:9:7-41
62        android:label="@string/app_name"
62-->src/main/AndroidManifest.xml:8:7-39
63        android:roundIcon="@mipmap/ic_launcher_round"
63-->src/main/AndroidManifest.xml:10:7-52
64        android:theme="@style/AppTheme"
64-->src/main/AndroidManifest.xml:12:7-38
65        android:usesCleartextTraffic="true" >
65-->src/debug/AndroidManifest.xml:8:9-44
66        <activity android:name="com.facebook.react.devsupport.DevSettingsActivity" />
66-->src/debug/AndroidManifest.xml:11:9-86
66-->src/debug/AndroidManifest.xml:11:19-83
67        <activity
67-->src/main/AndroidManifest.xml:13:7-23:18
68            android:name="com.asiangame.MainActivity"
68-->src/main/AndroidManifest.xml:14:9-37
69            android:configChanges="keyboard|keyboardHidden|orientation|screenSize|uiMode"
69-->src/main/AndroidManifest.xml:16:9-86
70            android:label="@string/app_name"
70-->src/main/AndroidManifest.xml:15:9-41
71            android:launchMode="singleTask"
71-->src/main/AndroidManifest.xml:17:9-40
72            android:windowSoftInputMode="adjustResize" >
72-->src/main/AndroidManifest.xml:18:9-51
73            <intent-filter>
73-->src/main/AndroidManifest.xml:19:9-22:25
74                <action android:name="android.intent.action.MAIN" />
74-->src/main/AndroidManifest.xml:20:13-65
74-->src/main/AndroidManifest.xml:20:21-62
75
76                <category android:name="android.intent.category.LAUNCHER" />
76-->src/main/AndroidManifest.xml:21:13-73
76-->src/main/AndroidManifest.xml:21:23-70
77            </intent-filter>
78        </activity>
79
80        <provider
80-->[:react-native-image-crop-picker] AndroidManifest.xml:18:9-26:20
81            android:name="androidx.core.content.FileProvider"
81-->[:react-native-image-crop-picker] AndroidManifest.xml:19:13-62
82            android:authorities="com.asiangame.provider"
82-->[:react-native-image-crop-picker] AndroidManifest.xml:20:13-60
83            android:exported="false"
83-->[:react-native-image-crop-picker] AndroidManifest.xml:21:13-37
84            android:grantUriPermissions="true" >
84-->[:react-native-image-crop-picker] AndroidManifest.xml:22:13-47
85            <meta-data
85-->[:react-native-image-crop-picker] AndroidManifest.xml:23:13-25:58
86                android:name="android.support.FILE_PROVIDER_PATHS"
86-->[:react-native-image-crop-picker] AndroidManifest.xml:24:17-67
87                android:resource="@xml/provider_paths" />
87-->[:react-native-image-crop-picker] AndroidManifest.xml:25:17-55
88        </provider>
89
90        <activity
90-->[:react-native-image-crop-picker] AndroidManifest.xml:28:9-30:72
91            android:name="com.yalantis.ucrop.UCropActivity"
91-->[:react-native-image-crop-picker] AndroidManifest.xml:29:13-60
92            android:theme="@style/Theme.AppCompat.Light.NoActionBar" />
92-->[:react-native-image-crop-picker] AndroidManifest.xml:30:13-69
93        <activity
93-->[:react-native-razorpay] AndroidManifest.xml:10:9-12:86
94            android:name="com.razorpay.CheckoutActivity"
94-->[:react-native-razorpay] AndroidManifest.xml:11:13-57
95            android:configChanges="keyboard|keyboardHidden|orientation|screenSize"
95-->[:react-native-razorpay] AndroidManifest.xml:12:13-83
96            android:exported="true"
96-->[com.razorpay:checkout:1.6.30] AndroidManifest.xml:54:13-36
97            android:theme="@style/CheckoutTheme" >
97-->[com.razorpay:checkout:1.6.30] AndroidManifest.xml:55:13-49
98            <intent-filter>
98-->[com.razorpay:checkout:1.6.30] AndroidManifest.xml:56:13-58:29
99                <action android:name="android.intent.action.MAIN" />
99-->src/main/AndroidManifest.xml:20:13-65
99-->src/main/AndroidManifest.xml:20:21-62
100            </intent-filter>
101        </activity>
102
103        <receiver
103-->[com.razorpay:checkout:1.6.30] AndroidManifest.xml:42:9-49:20
104            android:name="com.razorpay.RzpTokenReceiver"
104-->[com.razorpay:checkout:1.6.30] AndroidManifest.xml:43:13-57
105            android:exported="true" >
105-->[com.razorpay:checkout:1.6.30] AndroidManifest.xml:44:13-36
106            <intent-filter>
106-->[com.razorpay:checkout:1.6.30] AndroidManifest.xml:46:13-48:29
107                <action android:name="rzp.device_token.share" />
107-->[com.razorpay:checkout:1.6.30] AndroidManifest.xml:37:13-61
107-->[com.razorpay:checkout:1.6.30] AndroidManifest.xml:37:21-58
108            </intent-filter>
109        </receiver>
110
111        <meta-data
111-->[com.razorpay:checkout:1.6.30] AndroidManifest.xml:61:9-63:58
112            android:name="com.razorpay.plugin.googlepay_all"
112-->[com.razorpay:checkout:1.6.30] AndroidManifest.xml:62:13-61
113            android:value="com.razorpay.RzpGpayMerged" />
113-->[com.razorpay:checkout:1.6.30] AndroidManifest.xml:63:13-55
114
115        <activity
115-->[com.google.android.gms:play-services-auth:20.5.0] AndroidManifest.xml:23:9-27:75
116            android:name="com.google.android.gms.auth.api.signin.internal.SignInHubActivity"
116-->[com.google.android.gms:play-services-auth:20.5.0] AndroidManifest.xml:24:13-93
117            android:excludeFromRecents="true"
117-->[com.google.android.gms:play-services-auth:20.5.0] AndroidManifest.xml:25:13-46
118            android:exported="false"
118-->[com.google.android.gms:play-services-auth:20.5.0] AndroidManifest.xml:26:13-37
119            android:theme="@android:style/Theme.Translucent.NoTitleBar" />
119-->[com.google.android.gms:play-services-auth:20.5.0] AndroidManifest.xml:27:13-72
120        <!--
121            Service handling Google Sign-In user revocation. For apps that do not integrate with
122            Google Sign-In, this service will never be started.
123        -->
124        <service
124-->[com.google.android.gms:play-services-auth:20.5.0] AndroidManifest.xml:33:9-37:51
125            android:name="com.google.android.gms.auth.api.signin.RevocationBoundService"
125-->[com.google.android.gms:play-services-auth:20.5.0] AndroidManifest.xml:34:13-89
126            android:exported="true"
126-->[com.google.android.gms:play-services-auth:20.5.0] AndroidManifest.xml:35:13-36
127            android:permission="com.google.android.gms.auth.api.signin.permission.REVOCATION_NOTIFICATION"
127-->[com.google.android.gms:play-services-auth:20.5.0] AndroidManifest.xml:36:13-107
128            android:visibleToInstantApps="true" /> <!-- Needs to be explicitly declared on P+ -->
128-->[com.google.android.gms:play-services-auth:20.5.0] AndroidManifest.xml:37:13-48
129        <uses-library
129-->[com.google.android.gms:play-services-maps:17.0.0] AndroidManifest.xml:33:9-35:40
130            android:name="org.apache.http.legacy"
130-->[com.google.android.gms:play-services-maps:17.0.0] AndroidManifest.xml:34:13-50
131            android:required="false" />
131-->[com.google.android.gms:play-services-maps:17.0.0] AndroidManifest.xml:35:13-37
132
133        <activity
133-->[com.google.android.gms:play-services-base:18.0.1] AndroidManifest.xml:20:9-22:45
134            android:name="com.google.android.gms.common.api.GoogleApiActivity"
134-->[com.google.android.gms:play-services-base:18.0.1] AndroidManifest.xml:20:19-85
135            android:exported="false"
135-->[com.google.android.gms:play-services-base:18.0.1] AndroidManifest.xml:22:19-43
136            android:theme="@android:style/Theme.Translucent.NoTitleBar" />
136-->[com.google.android.gms:play-services-base:18.0.1] AndroidManifest.xml:21:19-78
137
138        <meta-data
138-->[com.google.android.gms:play-services-basement:18.2.0] AndroidManifest.xml:21:9-23:69
139            android:name="com.google.android.gms.version"
139-->[com.google.android.gms:play-services-basement:18.2.0] AndroidManifest.xml:22:13-58
140            android:value="@integer/google_play_services_version" />
140-->[com.google.android.gms:play-services-basement:18.2.0] AndroidManifest.xml:23:13-66
141    </application>
142
143</manifest>